<?xml version="1.0" encoding="UTF-8"?>
<!-- Generated by org.testng.reporters.JUnitReportReporter -->
<testsuite skipped="0" hostname="DESKTOP-AFD417S" name="com.testngDemo.Demo" tests="1" failures="0" timestamp="2022-04-27T09:34:13 IST" time="0.007" errors="0">
  <testcase name="testRun" time="0.007" classname="com.testngDemo.Demo"/>
  <system-out/>
</testsuite> <!-- com.testngDemo.Demo -->
