<?xml version="1.0" encoding="UTF-8"?>
<!-- Generated by org.testng.reporters.JUnitReportReporter -->
<testsuite skipped="0" hostname="CreativeCat" name="com.testcases.DryRun" tests="1" failures="0" timestamp="2022-03-11T16:26:02 IST" time="9.380" errors="0">
  <testcase name="demo" time="9.380" classname="com.testcases.DryRun"/>
  <system-out/>
</testsuite> <!-- com.testcases.DryRun -->
