<?xml version="1.0" encoding="UTF-8"?>
<!-- Generated by org.testng.reporters.JUnitReportReporter -->
<testsuite skipped="0" hostname="DESKTOP-AFD417S" name="com.trial.Upload" tests="1" failures="0" timestamp="2022-06-01T07:49:51 IST" time="12.073" errors="0">
  <testcase name="uploadFile" time="12.073" classname="com.trial.Upload"/>
  <system-out/>
</testsuite> <!-- com.trial.Upload -->
